<?xml version="1.0" encoding="UTF-8"?>
<!-- Generated by org.testng.reporters.JUnitReportReporter -->
<testsuite skipped="0" hostname="DESKTOP-I7I0679" name="com.execution.RCB" tests="2" failures="0" timestamp="12 Aug 2022 08:32:52 GMT" time="1.868" errors="0">
  <testcase name="validate_foriegn_players" time="1.572" classname="com.execution.RCB"/>
  <testcase name="validate_team_has_one_wicket_keeper" time="0.296" classname="com.execution.RCB"/>
</testsuite> <!-- com.execution.RCB -->
